1763623039.4368737, 1
1763623039.4833045, 2
1763623039.536294, 3
1763623039.591756, 4
1763623039.6472514, 5
1763623039.6978815, 6
1763623039.748411, 7
1763623039.8003225, 8
1763623039.8525596, 9
1763623039.9038851, 10
1763623039.957861, 11
1763623040.0118687, 12
1763623040.0621903, 13
1763623040.1128595, 14
1763623040.1693842, 15
1763623040.2220745, 16
1763623040.2734516, 17
1763623040.3287232, 18
1763623040.3799195, 19
1763623040.4308066, 20
1763623040.4834225, 21
1763623040.5371757, 22
1763623040.5897498, 23
1763623040.6396542, 24
1763623040.69046, 25
1763623040.74509, 26
1763623040.7995067, 27
1763623040.8537943, 28
1763623040.9087079, 29
1763623040.962235, 30
1763623041.0189383, 31
1763623041.0705414, 32
1763623041.1213286, 33
1763623041.177353, 34
1763623041.2290437, 35
1763623041.2803786, 36
1763623041.331153, 37
1763623041.3879492, 38
1763623041.4386203, 39
1763623041.4902942, 40
1763623041.5447161, 41
1763623041.596807, 42
1763623041.6487155, 43
1763623041.7031097, 44
1763623041.7547884, 45
1763623041.8056505, 46
1763623041.8588922, 47
1763623041.9145496, 48
1763623041.9650688, 49
1763623042.0197978, 50
1763623042.0723617, 51
1763623042.1230493, 52
1763623042.1791122, 53
1763623042.2303896, 54
1763623042.2825012, 55
1763623042.3373961, 56
1763623042.3889506, 57
1763623042.4396544, 58
1763623042.4935834, 59
1763623042.5470674, 60
1763623042.6099303, 61
1763623042.6583009, 62
1763623042.7090547, 63
1763623042.760784, 64
1763623042.8163953, 65
1763623042.8735967, 66
1763623042.9268205, 67
1763623042.979175, 68
1763623043.0326347, 69
1763623043.0898995, 70
1763623043.1457846, 71
1763623043.196113, 72
1763623043.2491386, 73
1763623043.304346, 74
1763623043.3559296, 75
1763623043.4093895, 76
1763623043.4637878, 77
1763623043.5155466, 78
1763623043.5690472, 79
1763623043.6231122, 80
1763623043.6750357, 81
1763623043.7280316, 82
1763623043.7806842, 83
1763623043.8335693, 84
1763623043.8853834, 85
1763623043.934137, 86
1763623043.9911475, 87
1763623044.046056, 88
1763623044.0993242, 89
1763623044.150952, 90
1763623044.207617, 91
1763623044.259196, 92
1763623044.3130534, 93
1763623044.364257, 94
1763623044.4205477, 95
1763623044.4738503, 96
1763623044.5219371, 97
1763623044.572795, 98
1763623044.6260896, 99
1763623044.6765132, 100
1763623044.7316976, 101
1763623044.7828672, 102
1763623044.837439, 103
1763623044.8914537, 104
1763623044.9467983, 105
1763623045.0025694, 106
1763623045.0545924, 107
1763623045.1065047, 108
1763623045.1574996, 109
1763623045.2204263, 110
1763623045.260672, 111
1763623045.3155134, 112
1763623045.370296, 113
1763623045.4222221, 114
1763623045.473533, 115
1763623045.5235791, 116
1763623045.574834, 117
1763623045.6270268, 118
1763623045.6791584, 119
1763623045.7314544, 120
1763623045.7852342, 121
1763623045.8357213, 122
1763623045.886584, 123
1763623045.9395773, 124
1763623045.994906, 125
1763623046.047539, 126
1763623046.1036856, 127
1763623046.1533592, 128
1763623046.2086208, 129
1763623046.2651372, 130
1763623046.320916, 131
1763623046.375921, 132
1763623046.4273262, 133
1763623046.4798048, 134
1763623046.5301306, 135
1763623046.581452, 136
1763623046.6359322, 137
1763623046.6866384, 138
1763623046.739683, 139
1763623046.792925, 140
1763623046.8437545, 141
1763623046.8953567, 142
1763623046.9459186, 143
1763623046.9974487, 144
1763623047.0503523, 145
1763623047.1054258, 146
1763623047.157172, 147
1763623047.2082531, 148
1763623047.2598686, 149
1763623047.31527, 150
1763623047.3662176, 151
1763623047.418443, 152
1763623047.4701216, 153
1763623047.5230393, 154
1763623047.5738037, 155
1763623047.6252918, 156
1763623047.677477, 157
1763623047.733695, 158
1763623047.7838626, 159
1763623047.8393345, 160
1763623047.894842, 161
1763623047.9469304, 162
1763623047.9974751, 163
1763623048.0484426, 164
1763623048.099881, 165
1763623048.153318, 166
1763623048.2045557, 167
1763623048.2607403, 168
1763623048.312394, 169
1763623048.3686068, 170
1763623048.421262, 171
1763623048.4727879, 172
1763623048.5251203, 173
1763623048.5795972, 174
1763623048.630772, 175
1763623048.6842046, 176
1763623048.7363374, 177
1763623048.7872233, 178
1763623048.8449552, 179
1763623048.8994951, 180
1763623048.9509265, 181
1763623049.0033286, 182
1763623049.0569496, 183
1763623049.1092439, 184
1763623049.164429, 185
1763623049.2141242, 186
1763623049.2695403, 187
1763623049.31979, 188
1763623049.3713045, 189
1763623049.4221058, 190
1763623049.473832, 191
1763623049.5287561, 192
1763623049.5832174, 193
1763623049.6334138, 194
1763623049.6878939, 195
1763623049.7433178, 196
1763623049.795315, 197
1763623049.847946, 198
1763623049.899555, 199
1763623049.950455, 200
1763623050.0017223, 201
1763623050.053883, 202
1763623050.1094627, 203
1763623050.160007, 204
1763623050.2157757, 205
1763623050.2683792, 206
1763623050.322786, 207
1763623050.3744643, 208
1763623050.424469, 209
1763623050.4764113, 210
1763623050.5292559, 211
1763623050.5806277, 212
1763623050.6366208, 213
1763623050.689242, 214
1763623050.744724, 215
1763623050.7957764, 216
1763623050.8480759, 217
1763623050.8992655, 218
1763623050.9559083, 219
1763623051.0062418, 220
1763623051.0572135, 221
1763623051.108956, 222
1763623051.1608427, 223
1763623051.2168045, 224
1763623051.269278, 225
1763623051.3225086, 226
1763623051.3757148, 227
1763623051.4271238, 228
1763623051.4794335, 229
1763623051.5301278, 230
1763623051.585338, 231
1763623051.6362772, 232
1763623051.6887405, 233
1763623051.7443037, 234
1763623051.7953749, 235
1763623051.846445, 236
1763623051.9033413, 237
1763623051.9531996, 238
1763623052.0091863, 239
1763623052.0637445, 240
1763623052.1157315, 241
1763623052.1705058, 242
1763623052.2185655, 243
1763623052.2716675, 244
1763623052.3277206, 245
1763623052.3806221, 246
1763623052.4307678, 247
1763623052.4868414, 248
1763623052.5375965, 249
1763623052.5911603, 250
1763623052.647555, 251
1763623052.6973944, 252
1763623052.7496607, 253
1763623052.805177, 254
1763623052.8578148, 255
1763623052.9102833, 256
1763623052.963871, 257
1763623053.0204046, 258
1763623053.0708692, 259
1763623053.1215386, 260
1763623053.1719465, 261
1763623053.2226274, 262
1763623053.2754056, 263
1763623053.3281782, 264
1763623053.3793821, 265
1763623053.4316907, 266
1763623053.4869542, 267
1763623053.537525, 268
1763623053.5925448, 269
1763623053.6483552, 270
1763623053.7051516, 271
1763623053.7572358, 272
1763623053.8094404, 273
1763623053.8623278, 274
1763623053.915275, 275
1763623053.971053, 276
1763623054.0226674, 277
1763623054.077675, 278
1763623054.1287434, 279
1763623054.178903, 280
1763623054.2296355, 281
1763623054.2819173, 282
1763623054.3359349, 283
1763623054.3883483, 284
1763623054.444367, 285
1763623054.4956515, 286
1763623054.5464144, 287
1763623054.59848, 288
1763623054.6511276, 289
1763623054.7048514, 290
1763623054.7612307, 291
1763623054.809646, 292
1763623054.861717, 293
1763623054.9135547, 294
1763623054.965063, 295
1763623055.0157082, 296
1763623055.0683596, 297
1763623055.1174028, 298
1763623055.1684132, 299
1763623055.219936, 300
1763623055.272783, 301
1763623055.323069, 302
1763623055.3761303, 303
1763623055.7205317, 304
1763623055.7629397, 305
1763623055.8130667, 306
1763623055.864434, 307
1763623055.914279, 308
1763623055.9689863, 309
1763623056.0211535, 310
1763623056.1076462, 311
1763623056.1744976, 312
1763623056.226022, 313
1763623056.2772899, 314
1763623056.3338401, 315
1763623056.3847773, 316
1763623056.4350734, 317
1763623056.487409, 318
1763623056.578482, 319
1763623056.6294873, 320
1763623056.6808152, 321
1763623056.7326865, 322
1763623056.7854333, 323
1763623056.8364384, 324
1763623056.8869388, 325
1763623056.9396217, 326
1763623056.9933686, 327
1763623057.0454266, 328
1763623057.0965886, 329
1763623057.1485064, 330
1763623057.2044573, 331
1763623057.2555387, 332
1763623057.3118775, 333
1763623057.3653002, 334
1763623057.422415, 335
1763623057.4730594, 336
1763623057.5268521, 337
1763623057.5805266, 338
1763623057.6297793, 339
1763623057.6805665, 340
1763623057.7321815, 341
1763623057.7832797, 342
1763623057.8367577, 343
1763623057.8908286, 344
1763623057.9447353, 345
1763623057.9951713, 346
1763623058.0463169, 347
1763623058.0978358, 348
1763623058.1847174, 349
1763623058.2352014, 350
1763623058.2901454, 351
1763623058.3444283, 352
1763623058.3974905, 353
1763623058.4549544, 354
1763623058.5092983, 355
1763623058.5580225, 356
1763623058.6108544, 357
1763623058.6666236, 358
1763623058.7213962, 359
1763623058.7736502, 360
1763623058.827599, 361
1763623058.8797433, 362
1763623058.9309423, 363
1763623058.987763, 364
1763623059.0423281, 365
1763623059.0925379, 366
1763623059.1456857, 367
1763623059.201163, 368
1763623059.2536073, 369
1763623059.3092365, 370
1763623059.3623462, 371
1763623059.4140358, 372
1763623059.4664946, 373
1763623059.5172942, 374
1763623059.5687943, 375
1763623059.6190486, 376
1763623059.6724389, 377
1763623059.728259, 378
1763623059.7840312, 379
1763623059.8399515, 380
1763623059.896038, 381
1763623059.9513412, 382
1763623060.002675, 383
1763623060.0542421, 384
1763623060.1104975, 385
1763623060.162937, 386
1763623060.216767, 387
1763623060.2710304, 388
1763623060.3238528, 389
1763623060.3767664, 390
1763623060.4275734, 391
1763623060.4786284, 392
1763623060.5334928, 393
1763623060.5888653, 394
1763623060.639791, 395
1763623060.6930702, 396
1763623060.7450686, 397
1763623060.8004463, 398
1763623060.8515804, 399
1763623060.9035366, 400
1763623060.953947, 401
1763623061.0100584, 402
1763623061.062664, 403
1763623061.1190875, 404
1763623061.1693642, 405
1763623061.2256026, 406
1763623061.2768009, 407
1763623061.3276849, 408
1763623061.3789454, 409
1763623061.4329, 410
1763623061.4855223, 411
1763623061.5391998, 412
1763623061.5909033, 413
1763623061.646403, 414
1763623061.6985633, 415
1763623061.7550817, 416
1763623061.807879, 417
1763623061.8602486, 418
1763623061.920172, 419
1763623061.9705389, 420
1763623062.021757, 421
1763623062.073521, 422
1763623062.1252255, 423
1763623062.1784828, 424
1763623062.2299573, 425
1763623062.2845669, 426
1763623062.3377078, 427
1763623062.391488, 428
1763623062.4439297, 429
1763623062.4939005, 430
1763623062.5496955, 431
1763623062.602701, 432
1763623062.6539288, 433
1763623062.7052379, 434
1763623062.760621, 435
1763623062.8138237, 436
1763623062.8658235, 437
1763623062.921706, 438
1763623062.9722672, 439
1763623063.0281534, 440
1763623063.0797825, 441
1763623063.136127, 442
1763623063.1916063, 443
1763623063.2470365, 444
1763623063.2981312, 445
1763623063.3488514, 446
1763623063.4004939, 447
1763623063.4548938, 448
1763623063.5103486, 449
1763623063.566622, 450
1763623063.6162772, 451
1763623063.6675205, 452
1763623063.7230098, 453
1763623063.7785163, 454
1763623063.8327396, 455
1763623063.8895917, 456
1763623063.9666753, 457
1763623064.0174286, 458
1763623064.069516, 459
1763623064.1240542, 460
1763623064.1787403, 461
1763623064.2309132, 462
1763623064.2831147, 463
1763623064.3374004, 464
1763623064.388351, 465
1763623064.4429424, 466
1763623064.4938352, 467
1763623064.5477624, 468
1763623064.5999408, 469
1763623064.6539578, 470
1763623064.709499, 471
1763623064.7638628, 472
1763623064.814905, 473
1763623064.8665752, 474
1763623064.9186826, 475
1763623064.9745948, 476
1763623065.0275936, 477
1763623065.0800183, 478
1763623065.1317685, 479
1763623065.1835196, 480
1763623065.236514, 481
1763623065.306391, 482
1763623065.347644, 483
